Command line invocation:
    /Applications/Xcode.app/Contents/Developer/usr/bin/xcodebuild -scheme ToWorks -destination "platform=iOS Simulator,name=iPhone 17" build

ComputePackagePrebuildTargetDependencyGraph

Prepare packages

CreateBuildRequest

SendProjectDescription

CreateBuildOperation

ComputeTargetDependencyGraph
note: Building targets in dependency order
note: Target dependency graph (1 target)
    Target 'ToWorks' in project 'ToWorks' (no dependencies)

GatherProvisioningInputs

CreateBuildDescription

ExecuteExternalTool /Applications/Xcode.app/Contents/Developer/Toolchains/XcodeDefault.xctoolchain/usr/bin/clang -v -E -dM -isysroot /Applications/Xcode.app/Contents/Developer/Platforms/iPhoneSimulator.platform/Developer/SDKs/iPhoneSimulator26.2.sdk -x c -c /dev/null

ExecuteExternalTool /Applications/Xcode.app/Contents/Developer/usr/bin/actool --print-asset-tag-combinations --output-format xml1 /Users/macbook/Desktop/ToWorks/ToWorks/Assets.xcassets

ExecuteExternalTool /Applications/Xcode.app/Contents/Developer/usr/bin/actool --version --output-format xml1

ExecuteExternalTool /Applications/Xcode.app/Contents/Developer/Toolchains/XcodeDefault.xctoolchain/usr/bin/swiftc --version

ExecuteExternalTool /Applications/Xcode.app/Contents/Developer/Toolchains/XcodeDefault.xctoolchain/usr/bin/ld -version_details

Build description signature: bfe89f33c671cebb4277d989130ab717
Build description path: /Users/macbook/Library/Developer/Xcode/DerivedData/ToWorks-drvyryeuuqqvyhbryyuahucazsub/Build/Intermediates.noindex/XCBuildData/bfe89f33c671cebb4277d989130ab717.xcbuilddata
ClangStatCache /Applications/Xcode.app/Contents/Developer/Toolchains/XcodeDefault.xctoolchain/usr/bin/clang-stat-cache /Applications/Xcode.app/Contents/Developer/Platforms/iPhoneSimulator.platform/Developer/SDKs/iPhoneSimulator26.2.sdk /Users/macbook/Library/Developer/Xcode/DerivedData/SDKStatCaches.noindex/iphonesimulator26.2-23C53-7d00a8b37fbd7999ea79df8ebc024bf0.sdkstatcache
    cd /Users/macbook/Desktop/ToWorks/ToWorks.xcodeproj
    /Applications/Xcode.app/Contents/Developer/Toolchains/XcodeDefault.xctoolchain/usr/bin/clang-stat-cache /Applications/Xcode.app/Contents/Developer/Platforms/iPhoneSimulator.platform/Developer/SDKs/iPhoneSimulator26.2.sdk -o /Users/macbook/Library/Developer/Xcode/DerivedData/SDKStatCaches.noindex/iphonesimulator26.2-23C53-7d00a8b37fbd7999ea79df8ebc024bf0.sdkstatcache

CompileAssetCatalogVariant thinned /Users/macbook/Library/Developer/Xcode/DerivedData/ToWorks-drvyryeuuqqvyhbryyuahucazsub/Build/Products/Debug-iphonesimulator/ToWorks.app /Users/macbook/Desktop/ToWorks/ToWorks/Assets.xcassets (in target 'ToWorks' from project 'ToWorks')
    cd /Users/macbook/Desktop/ToWorks
    /Applications/Xcode.app/Contents/Developer/usr/bin/actool /Users/macbook/Desktop/ToWorks/ToWorks/Assets.xcassets --compile /Users/macbook/Library/Developer/Xcode/DerivedData/ToWorks-drvyryeuuqqvyhbryyuahucazsub/Build/Intermediates.noindex/ToWorks.build/Debug-iphonesimulator/ToWorks.build/assetcatalog_output/thinned --output-format human-readable-text --notices --warnings --export-dependency-info /Users/macbook/Library/Developer/Xcode/DerivedData/ToWorks-drvyryeuuqqvyhbryyuahucazsub/Build/Intermediates.noindex/ToWorks.build/Debug-iphonesimulator/ToWorks.build/assetcatalog_dependencies_thinned --output-partial-info-plist /Users/macbook/Library/Developer/Xcode/DerivedData/ToWorks-drvyryeuuqqvyhbryyuahucazsub/Build/Intermediates.noindex/ToWorks.build/Debug-iphonesimulator/ToWorks.build/assetcatalog_generated_info.plist_thinned --app-icon AppIcon --accent-color AccentColor --compress-pngs --enable-on-demand-resources YES --filter-for-thinning-device-configuration iPhone18,3 --filter-for-device-os-version 26.2 --development-region en --target-device iphone --target-device ipad --minimum-deployment-target 26.2 --platform iphonesimulator

SwiftDriver ToWorks normal arm64 com.apple.xcode.tools.swift.compiler (in target 'ToWorks' from project 'ToWorks')
    cd /Users/macbook/Desktop/ToWorks
    builtin-SwiftDriver -- /Applications/Xcode.app/Contents/Developer/Toolchains/XcodeDefault.xctoolchain/usr/bin/swiftc -module-name ToWorks -Onone -enforce-exclusivity\=checked @/Users/macbook/Library/Developer/Xcode/DerivedData/ToWorks-drvyryeuuqqvyhbryyuahucazsub/Build/Intermediates.noindex/ToWorks.build/Debug-iphonesimulator/ToWorks.build/Objects-normal/arm64/ToWorks.SwiftFileList -DDEBUG -default-isolation\=MainActor -enable-bare-slash-regex -enable-upcoming-feature DisableOutwardActorInference -enable-upcoming-feature InferSendableFromCaptures -enable-upcoming-feature GlobalActorIsolatedTypesUsability -enable-upcoming-feature MemberImportVisibility -enable-upcoming-feature InferIsolatedConformances -enable-upcoming-feature NonisolatedNonsendingByDefault -enable-experimental-feature DebugDescriptionMacro -sdk /Applications/Xcode.app/Contents/Developer/Platforms/iPhoneSimulator.platform/Developer/SDKs/iPhoneSimulator26.2.sdk -target arm64-apple-ios26.2-simulator -g -module-cache-path /Users/macbook/Library/Developer/Xcode/DerivedData/ModuleCache.noindex -Xfrontend -serialize-debugging-options -profile-coverage-mapping -profile-generate -enable-testing -index-store-path /Users/macbook/Library/Developer/Xcode/DerivedData/ToWorks-drvyryeuuqqvyhbryyuahucazsub/Index.noindex/DataStore -Xcc -D_LIBCPP_HARDENING_MODE\=_LIBCPP_HARDENING_MODE_DEBUG -swift-version 5 -I /Users/macbook/Library/Developer/Xcode/DerivedData/ToWorks-drvyryeuuqqvyhbryyuahucazsub/Build/Products/Debug-iphonesimulator -F /Users/macbook/Library/Developer/Xcode/DerivedData/ToWorks-drvyryeuuqqvyhbryyuahucazsub/Build/Products/Debug-iphonesimulator -emit-localized-strings -emit-localized-strings-path /Users/macbook/Library/Developer/Xcode/DerivedData/ToWorks-drvyryeuuqqvyhbryyuahucazsub/Build/Intermediates.noindex/ToWorks.build/Debug-iphonesimulator/ToWorks.build/Objects-normal/arm64 -c -j8 -enable-batch-mode -incremental -Xcc -ivfsstatcache -Xcc /Users/macbook/Library/Developer/Xcode/DerivedData/SDKStatCaches.noindex/iphonesimulator26.2-23C53-7d00a8b37fbd7999ea79df8ebc024bf0.sdkstatcache -output-file-map /Users/macbook/Library/Developer/Xcode/DerivedData/ToWorks-drvyryeuuqqvyhbryyuahucazsub/Build/Intermediates.noindex/ToWorks.build/Debug-iphonesimulator/ToWorks.build/Objects-normal/arm64/ToWorks-OutputFileMap.json -use-frontend-parseable-output -save-temps -no-color-diagnostics -explicit-module-build -module-cache-path /Users/macbook/Library/Developer/Xcode/DerivedData/ToWorks-drvyryeuuqqvyhbryyuahucazsub/Build/Intermediates.noindex/SwiftExplicitPrecompiledModules -clang-scanner-module-cache-path /Users/macbook/Library/Developer/Xcode/DerivedData/ModuleCache.noindex -sdk-module-cache-path /Users/macbook/Library/Developer/Xcode/DerivedData/ModuleCache.noindex -serialize-diagnostics -emit-dependencies -emit-module -emit-module-path /Users/macbook/Library/Developer/Xcode/DerivedData/ToWorks-drvyryeuuqqvyhbryyuahucazsub/Build/Intermediates.noindex/ToWorks.build/Debug-iphonesimulator/ToWorks.build/Objects-normal/arm64/ToWorks.swiftmodule -validate-clang-modules-once -clang-build-session-file /Users/macbook/Library/Developer/Xcode/DerivedData/ModuleCache.noindex/Session.modulevalidation -Xcc -I/Users/macbook/Library/Developer/Xcode/DerivedData/ToWorks-drvyryeuuqqvyhbryyuahucazsub/Build/Intermediates.noindex/ToWorks.build/Debug-iphonesimulator/ToWorks.build/swift-overrides.hmap -emit-const-values -Xfrontend -const-gather-protocols-file -Xfrontend /Users/macbook/Library/Developer/Xcode/DerivedData/ToWorks-drvyryeuuqqvyhbryyuahucazsub/Build/Intermediates.noindex/ToWorks.build/Debug-iphonesimulator/ToWorks.build/Objects-normal/arm64/ToWorks_const_extract_protocols.json -Xcc -iquote -Xcc /Users/macbook/Library/Developer/Xcode/DerivedData/ToWorks-drvyryeuuqqvyhbryyuahucazsub/Build/Intermediates.noindex/ToWorks.build/Debug-iphonesimulator/ToWorks.build/ToWorks-generated-files.hmap -Xcc -I/Users/macbook/Library/Developer/Xcode/DerivedData/ToWorks-drvyryeuuqqvyhbryyuahucazsub/Build/Intermediates.noindex/ToWorks.build/Debug-iphonesimulator/ToWorks.build/ToWorks-own-target-headers.hmap -Xcc -I/Users/macbook/Library/Developer/Xcode/DerivedData/ToWorks-drvyryeuuqqvyhbryyuahucazsub/Build/Intermediates.noindex/ToWorks.build/Debug-iphonesimulator/ToWorks.build/ToWorks-all-target-headers.hmap -Xcc -iquote -Xcc /Users/macbook/Library/Developer/Xcode/DerivedData/ToWorks-drvyryeuuqqvyhbryyuahucazsub/Build/Intermediates.noindex/ToWorks.build/Debug-iphonesimulator/ToWorks.build/ToWorks-project-headers.hmap -Xcc -I/Users/macbook/Library/Developer/Xcode/DerivedData/ToWorks-drvyryeuuqqvyhbryyuahucazsub/Build/Products/Debug-iphonesimulator/include -Xcc -I/Users/macbook/Library/Developer/Xcode/DerivedData/ToWorks-drvyryeuuqqvyhbryyuahucazsub/Build/Intermediates.noindex/ToWorks.build/Debug-iphonesimulator/ToWorks.build/DerivedSources-normal/arm64 -Xcc -I/Users/macbook/Library/Developer/Xcode/DerivedData/ToWorks-drvyryeuuqqvyhbryyuahucazsub/Build/Intermediates.noindex/ToWorks.build/Debug-iphonesimulator/ToWorks.build/DerivedSources/arm64 -Xcc -I/Users/macbook/Library/Developer/Xcode/DerivedData/ToWorks-drvyryeuuqqvyhbryyuahucazsub/Build/Intermediates.noindex/ToWorks.build/Debug-iphonesimulator/ToWorks.build/DerivedSources -Xcc -DDEBUG\=1 -emit-objc-header -emit-objc-header-path /Users/macbook/Library/Developer/Xcode/DerivedData/ToWorks-drvyryeuuqqvyhbryyuahucazsub/Build/Intermediates.noindex/ToWorks.build/Debug-iphonesimulator/ToWorks.build/Objects-normal/arm64/ToWorks-Swift.h -working-directory /Users/macbook/Desktop/ToWorks -experimental-emit-module-separately -disable-cmo

SwiftEmitModule normal arm64 Emitting\ module\ for\ ToWorks (in target 'ToWorks' from project 'ToWorks')

EmitSwiftModule normal arm64 (in target 'ToWorks' from project 'ToWorks')
    cd /Users/macbook/Desktop/ToWorks
    

SwiftCompile normal arm64 Compiling\ StatsView.swift,\ TaskDetailView.swift /Users/macbook/Desktop/ToWorks/ToWorks/Views/StatsView.swift /Users/macbook/Desktop/ToWorks/ToWorks/Views/TaskDetailView.swift (in target 'ToWorks' from project 'ToWorks')
SwiftCompile normal arm64 /Users/macbook/Desktop/ToWorks/ToWorks/Views/StatsView.swift (in target 'ToWorks' from project 'ToWorks')
    cd /Users/macbook/Desktop/ToWorks
    

SwiftCompile normal arm64 /Users/macbook/Desktop/ToWorks/ToWorks/Views/TaskDetailView.swift (in target 'ToWorks' from project 'ToWorks')
    cd /Users/macbook/Desktop/ToWorks
    

SwiftCompile normal arm64 Compiling\ ToWorksApp.swift,\ GeneratedAssetSymbols.swift /Users/macbook/Desktop/ToWorks/ToWorks/ToWorksApp.swift /Users/macbook/Library/Developer/Xcode/DerivedData/ToWorks-drvyryeuuqqvyhbryyuahucazsub/Build/Intermediates.noindex/ToWorks.build/Debug-iphonesimulator/ToWorks.build/DerivedSources/GeneratedAssetSymbols.swift (in target 'ToWorks' from project 'ToWorks')

SwiftCompile normal arm64 /Users/macbook/Desktop/ToWorks/ToWorks/ToWorksApp.swift (in target 'ToWorks' from project 'ToWorks')
    cd /Users/macbook/Desktop/ToWorks
    

SwiftCompile normal arm64 /Users/macbook/Library/Developer/Xcode/DerivedData/ToWorks-drvyryeuuqqvyhbryyuahucazsub/Build/Intermediates.noindex/ToWorks.build/Debug-iphonesimulator/ToWorks.build/DerivedSources/GeneratedAssetSymbols.swift (in target 'ToWorks' from project 'ToWorks')
    cd /Users/macbook/Desktop/ToWorks
    

SwiftCompile normal arm64 Compiling\ ContentView.swift,\ Item.swift /Users/macbook/Desktop/ToWorks/ToWorks/ContentView.swift /Users/macbook/Desktop/ToWorks/ToWorks/Item.swift (in target 'ToWorks' from project 'ToWorks')

SwiftCompile normal arm64 /Users/macbook/Desktop/ToWorks/ToWorks/ContentView.swift (in target 'ToWorks' from project 'ToWorks')
    cd /Users/macbook/Desktop/ToWorks
    

SwiftCompile normal arm64 /Users/macbook/Desktop/ToWorks/ToWorks/Item.swift (in target 'ToWorks' from project 'ToWorks')
    cd /Users/macbook/Desktop/ToWorks
    

SwiftCompile normal arm64 Compiling\ OnboardingView.swift,\ SettingsView.swift /Users/macbook/Desktop/ToWorks/ToWorks/Views/OnboardingView.swift /Users/macbook/Desktop/ToWorks/ToWorks/Views/SettingsView.swift (in target 'ToWorks' from project 'ToWorks')

SwiftCompile normal arm64 /Users/macbook/Desktop/ToWorks/ToWorks/Views/OnboardingView.swift (in target 'ToWorks' from project 'ToWorks')
    cd /Users/macbook/Desktop/ToWorks
    

SwiftCompile normal arm64 /Users/macbook/Desktop/ToWorks/ToWorks/Views/SettingsView.swift (in target 'ToWorks' from project 'ToWorks')
    cd /Users/macbook/Desktop/ToWorks
    

SwiftCompile normal arm64 Compiling\ AboutView.swift,\ AlarmOverlayView.swift /Users/macbook/Desktop/ToWorks/ToWorks/Views/AboutView.swift /Users/macbook/Desktop/ToWorks/ToWorks/Views/AlarmOverlayView.swift (in target 'ToWorks' from project 'ToWorks')
Failed frontend command:
/Applications/Xcode.app/Contents/Developer/Toolchains/XcodeDefault.xctoolchain/usr/bin/swift-frontend -frontend -c /Users/macbook/Desktop/ToWorks/ToWorks/Managers/HapticManager.swift /Users/macbook/Desktop/ToWorks/ToWorks/Managers/LocalizationManager.swift /Users/macbook/Desktop/ToWorks/ToWorks/Managers/NotificationManager.swift /Users/macbook/Desktop/ToWorks/ToWorks/Managers/SpeechManager.swift /Users/macbook/Desktop/ToWorks/ToWorks/Models/NotificationRecord.swift /Users/macbook/Desktop/ToWorks/ToWorks/Models/VoiceLanguage.swift -primary-file /Users/macbook/Desktop/ToWorks/ToWorks/Views/AboutView.swift -primary-file /Users/macbook/Desktop/ToWorks/ToWorks/Views/AlarmOverlayView.swift /Users/macbook/Desktop/ToWorks/ToWorks/Views/CalendarView.swift /Users/macbook/Desktop/ToWorks/ToWorks/Views/DashboardView.swift /Users/macbook/Desktop/ToWorks/ToWorks/Views/NewTaskView.swift /Users/macbook/Desktop/ToWorks/ToWorks/Views/NotificationListView.swift /Users/macbook/Desktop/ToWorks/ToWorks/Views/OnboardingView.swift /Users/macbook/Desktop/ToWorks/ToWorks/Views/SettingsView.swift /Users/macbook/Desktop/ToWorks/ToWorks/Views/StatsView.swift /Users/macbook/Desktop/ToWorks/ToWorks/Views/TaskDetailView.swift /Users/macbook/Desktop/ToWorks/ToWorks/Views/VoiceCommandView.swift /Users/macbook/Desktop/ToWorks/ToWorks/Color+Extensions.swift /Users/macbook/Desktop/ToWorks/ToWorks/ContentView.swift /Users/macbook/Desktop/ToWorks/ToWorks/Item.swift /Users/macbook/Desktop/ToWorks/ToWorks/ToWorksApp.swift /Users/macbook/Library/Developer/Xcode/DerivedData/ToWorks-drvyryeuuqqvyhbryyuahucazsub/Build/Intermediates.noindex/ToWorks.build/Debug-iphonesimulator/ToWorks.build/DerivedSources/GeneratedAssetSymbols.swift -emit-dependencies-path /Users/macbook/Library/Developer/Xcode/DerivedData/ToWorks-drvyryeuuqqvyhbryyuahucazsub/Build/Intermediates.noindex/ToWorks.build/Debug-iphonesimulator/ToWorks.build/Objects-normal/arm64/AboutView.d -emit-const-values-path /Users/macbook/Library/Developer/Xcode/DerivedData/ToWorks-drvyryeuuqqvyhbryyuahucazsub/Build/Intermediates.noindex/ToWorks.build/Debug-iphonesimulator/ToWorks.build/Objects-normal/arm64/AboutView.swiftconstvalues -emit-reference-dependencies-path /Users/macbook/Library/Developer/Xcode/DerivedData/ToWorks-drvyryeuuqqvyhbryyuahucazsub/Build/Intermediates.noindex/ToWorks.build/Debug-iphonesimulator/ToWorks.build/Objects-normal/arm64/AboutView.swiftdeps -serialize-diagnostics-path /Users/macbook/Library/Developer/Xcode/DerivedData/ToWorks-drvyryeuuqqvyhbryyuahucazsub/Build/Intermediates.noindex/ToWorks.build/Debug-iphonesimulator/ToWorks.build/Objects-normal/arm64/AboutView.dia -emit-dependencies-path /Users/macbook/Library/Developer/Xcode/DerivedData/ToWorks-drvyryeuuqqvyhbryyuahucazsub/Build/Intermediates.noindex/ToWorks.build/Debug-iphonesimulator/ToWorks.build/Objects-normal/arm64/AlarmOverlayView.d -emit-const-values-path /Users/macbook/Library/Developer/Xcode/DerivedData/ToWorks-drvyryeuuqqvyhbryyuahucazsub/Build/Intermediates.noindex/ToWorks.build/Debug-iphonesimulator/ToWorks.build/Objects-normal/arm64/AlarmOverlayView.swiftconstvalues -emit-reference-dependencies-path /Users/macbook/Library/Developer/Xcode/DerivedData/ToWorks-drvyryeuuqqvyhbryyuahucazsub/Build/Intermediates.noindex/ToWorks.build/Debug-iphonesimulator/ToWorks.build/Objects-normal/arm64/AlarmOverlayView.swiftdeps -serialize-diagnostics-path /Users/macbook/Library/Developer/Xcode/DerivedData/ToWorks-drvyryeuuqqvyhbryyuahucazsub/Build/Intermediates.noindex/ToWorks.build/Debug-iphonesimulator/ToWorks.build/Objects-normal/arm64/AlarmOverlayView.dia -emit-localized-strings -emit-localized-strings-path /Users/macbook/Library/Developer/Xcode/DerivedData/ToWorks-drvyryeuuqqvyhbryyuahucazsub/Build/Intermediates.noindex/ToWorks.build/Debug-iphonesimulator/ToWorks.build/Objects-normal/arm64 -target arm64-apple-ios26.2-simulator -module-can-import-version DeveloperToolsSupport 23.0.4 23.0.4 -module-can-import-version SwiftUI 7.2.5.1 7.2.5 -module-can-import-version UIKit 9126.2.4.1 9126.2.4 -disable-cross-import-overlay-search -swift-module-cross-import PhotosUI /Applications/Xcode.app/Contents/Developer/Platforms/iPhoneSimulator.platform/Developer/SDKs/iPhoneSimulator.sdk/System/Library/Frameworks/PhotosUI.framework/Modules/PhotosUI.swiftcrossimport/SwiftUI.swiftoverlay -swift-module-cross-import PhotosUI /Applications/Xcode.app/Contents/Developer/Platforms/iPhoneSimulator.platform/Developer/SDKs/iPhoneSimulator.sdk/System/Library/Frameworks/PhotosUI.framework/Modules/PhotosUI.swiftcrossimport/WidgetKit.swiftoverlay -swift-module-cross-import PhotosUI /Applications/Xcode.app/Contents/Developer/Platforms/iPhoneSimulator.platform/Developer/SDKs/iPhoneSimulator26.2.sdk/System/Library/Frameworks/PhotosUI.framework/Modules/PhotosUI.swiftcrossimport/SwiftUI.swiftoverlay -swift-module-cross-import PhotosUI /Applications/Xcode.app/Contents/Developer/Platforms/iPhoneSimulator.platform/Developer/SDKs/iPhoneSimulator26.2.sdk/System/Library/Frameworks/PhotosUI.framework/Modules/PhotosUI.swiftcrossimport/WidgetKit.swiftoverlay -swift-module-cross-import SwiftData /Applications/Xcode.app/Contents/Developer/Platforms/iPhoneSimulator.platform/Developer/SDKs/iPhoneSimulator26.2.sdk/System/Library/Frameworks/SwiftData.framework/Modules/SwiftData.swiftcrossimport/CoreData.swiftoverlay -swift-module-cross-import SwiftData /Applications/Xcode.app/Contents/Developer/Platforms/iPhoneSimulator.platform/Developer/SDKs/iPhoneSimulator26.2.sdk/System/Library/Frameworks/SwiftData.framework/Modules/SwiftData.swiftcrossimport/SwiftUI.swiftoverlay -load-resolved-plugin /Applications/Xcode.app/Contents/Developer/Platforms/iPhoneOS.platform/Developer/usr/lib/swift/host/plugins/libFoundationMacros.dylib\#/Applications/Xcode.app/Contents/Developer/Platforms/iPhoneOS.platform/Developer/usr/bin/swift-plugin-server\#FoundationMacros -load-resolved-plugin /Applications/Xcode.app/Contents/Developer/Platforms/iPhoneOS.platform/Developer/usr/lib/swift/host/plugins/libObservationMacros.dylib\#/Applications/Xcode.app/Contents/Developer/Platforms/iPhoneOS.platform/Developer/usr/bin/swift-plugin-server\#ObservationMacros -load-resolved-plugin /Applications/Xcode.app/Contents/Developer/Platforms/iPhoneOS.platform/Developer/usr/lib/swift/host/plugins/libPreviewsMacros.dylib\#/Applications/Xcode.app/Contents/Developer/Platforms/iPhoneOS.platform/Developer/usr/bin/swift-plugin-server\#PreviewsMacros -load-resolved-plugin /Applications/Xcode.app/Contents/Developer/Platforms/iPhoneOS.platform/Developer/usr/lib/swift/host/plugins/libSwiftDataMacros.dylib\#/Applications/Xcode.app/Contents/Developer/Platforms/iPhoneOS.platform/Developer/usr/bin/swift-plugin-server\#SwiftDataMacros -load-resolved-plugin /Applications/Xcode.app/Contents/Developer/Platforms/iPhoneOS.platform/Developer/usr/lib/swift/host/plugins/libSwiftMacros.dylib\#/Applications/Xcode.app/Contents/Developer/Platforms/iPhoneOS.platform/Developer/usr/bin/swift-plugin-server\#SwiftMacros -load-resolved-plugin /Applications/Xcode.app/Contents/Developer/Platforms/iPhoneOS.platform/Developer/usr/lib/swift/host/plugins/libSwiftUIMacros.dylib\#/Applications/Xcode.app/Contents/Developer/Platforms/iPhoneOS.platform/Developer/usr/bin/swift-plugin-server\#SwiftUIMacros -disable-implicit-swift-modules -Xcc -fno-implicit-modules -Xcc -fno-implicit-module-maps -explicit-swift-module-map-file /Users/macbook/Library/Developer/Xcode/DerivedData/ToWorks-drvyryeuuqqvyhbryyuahucazsub/Build/Intermediates.noindex/ToWorks.build/Debug-iphonesimulator/ToWorks.build/Objects-normal/arm64/ToWorks-dependencies-1.json -Xllvm -aarch64-use-tbi -enable-objc-interop -sdk /Applications/Xcode.app/Contents/Developer/Platforms/iPhoneSimulator.platform/Developer/SDKs/iPhoneSimulator26.2.sdk -I /Users/macbook/Library/Developer/Xcode/DerivedData/ToWorks-drvyryeuuqqvyhbryyuahucazsub/Build/Products/Debug-iphonesimulator -F /Users/macbook/Library/Developer/Xcode/DerivedData/ToWorks-drvyryeuuqqvyhbryyuahucazsub/Build/Products/Debug-iphonesimulator -no-color-diagnostics -Xcc -fno-color-diagnostics -enable-testing -g -debug-info-format\=dwarf -dwarf-version\=5 -module-cache-path /Users/macbook/Library/Developer/Xcode/DerivedData/ToWorks-drvyryeuuqqvyhbryyuahucazsub/Build/Intermediates.noindex/SwiftExplicitPrecompiledModules -profile-generate -profile-coverage-mapping -swift-version 5 -enforce-exclusivity\=checked -Onone -D DEBUG -serialize-debugging-options -const-gather-protocols-file /Users/macbook/Library/Developer/Xcode/DerivedData/ToWorks-drvyryeuuqqvyhbryyuahucazsub/Build/Intermediates.noindex/ToWorks.build/Debug-iphonesimulator/ToWorks.build/Objects-normal/arm64/ToWorks_const_extract_protocols.json -enable-upcoming-feature DisableOutwardActorInference -enable-upcoming-feature InferSendableFromCaptures -enable-upcoming-feature GlobalActorIsolatedTypesUsability -enable-upcoming-feature MemberImportVisibility -enable-upcoming-feature InferIsolatedConformances -enable-upcoming-feature NonisolatedNonsendingByDefault -enable-experimental-feature DebugDescriptionMacro -enable-bare-slash-regex -default-isolation\=MainActor -empty-abi-descriptor -validate-clang-modules-once -clang-build-session-file /Users/macbook/Library/Developer/Xcode/DerivedData/ModuleCache.noindex/Session.modulevalidation -Xcc -working-directory -Xcc /Users/macbook/Desktop/ToWorks -enable-anonymous-context-mangled-names -file-compilation-dir /Users/macbook/Desktop/ToWorks -Xcc -D_LIBCPP_HARDENING_MODE\=_LIBCPP_HARDENING_MODE_DEBUG -Xcc -ivfsstatcache -Xcc /Users/macbook/Library/Developer/Xcode/DerivedData/SDKStatCaches.noindex/iphonesimulator26.2-23C53-7d00a8b37fbd7999ea79df8ebc024bf0.sdkstatcache -Xcc -I/Users/macbook/Library/Developer/Xcode/DerivedData/ToWorks-drvyryeuuqqvyhbryyuahucazsub/Build/Intermediates.noindex/ToWorks.build/Debug-iphonesimulator/ToWorks.build/swift-overrides.hmap -Xcc -iquote -Xcc /Users/macbook/Library/Developer/Xcode/DerivedData/ToWorks-drvyryeuuqqvyhbryyuahucazsub/Build/Intermediates.noindex/ToWorks.build/Debug-iphonesimulator/ToWorks.build/ToWorks-generated-files.hmap -Xcc -I/Users/macbook/Library/Developer/Xcode/DerivedData/ToWorks-drvyryeuuqqvyhbryyuahucazsub/Build/Intermediates.noindex/ToWorks.build/Debug-iphonesimulator/ToWorks.build/ToWorks-own-target-headers.hmap -Xcc -I/Users/macbook/Library/Developer/Xcode/DerivedData/ToWorks-drvyryeuuqqvyhbryyuahucazsub/Build/Intermediates.noindex/ToWorks.build/Debug-iphonesimulator/ToWorks.build/ToWorks-all-target-headers.hmap -Xcc -iquote -Xcc /Users/macbook/Library/Developer/Xcode/DerivedData/ToWorks-drvyryeuuqqvyhbryyuahucazsub/Build/Intermediates.noindex/ToWorks.build/Debug-iphonesimulator/ToWorks.build/ToWorks-project-headers.hmap -Xcc -I/Users/macbook/Library/Developer/Xcode/DerivedData/ToWorks-drvyryeuuqqvyhbryyuahucazsub/Build/Products/Debug-iphonesimulator/include -Xcc -I/Users/macbook/Library/Developer/Xcode/DerivedData/ToWorks-drvyryeuuqqvyhbryyuahucazsub/Build/Intermediates.noindex/ToWorks.build/Debug-iphonesimulator/ToWorks.build/DerivedSources-normal/arm64 -Xcc -I/Users/macbook/Library/Developer/Xcode/DerivedData/ToWorks-drvyryeuuqqvyhbryyuahucazsub/Build/Intermediates.noindex/ToWorks.build/Debug-iphonesimulator/ToWorks.build/DerivedSources/arm64 -Xcc -I/Users/macbook/Library/Developer/Xcode/DerivedData/ToWorks-drvyryeuuqqvyhbryyuahucazsub/Build/Intermediates.noindex/ToWorks.build/Debug-iphonesimulator/ToWorks.build/DerivedSources -Xcc -DDEBUG\=1 -no-auto-bridging-header-chaining -module-name ToWorks -frontend-parseable-output -disable-clang-spi -target-sdk-version 26.2 -target-sdk-name iphonesimulator26.2 -clang-target arm64-apple-ios26.2-simulator -in-process-plugin-server-path /Applications/Xcode.app/Contents/Developer/Toolchains/XcodeDefault.xctoolchain/usr/lib/swift/host/libSwiftInProcPluginServer.dylib -o /Users/macbook/Library/Developer/Xcode/DerivedData/ToWorks-drvyryeuuqqvyhbryyuahucazsub/Build/Intermediates.noindex/ToWorks.build/Debug-iphonesimulator/ToWorks.build/Objects-normal/arm64/AboutView.o -o /Users/macbook/Library/Developer/Xcode/DerivedData/ToWorks-drvyryeuuqqvyhbryyuahucazsub/Build/Intermediates.noindex/ToWorks.build/Debug-iphonesimulator/ToWorks.build/Objects-normal/arm64/AlarmOverlayView.o -index-unit-output-path /ToWorks.build/Debug-iphonesimulator/ToWorks.build/Objects-normal/arm64/AboutView.o -index-unit-output-path /ToWorks.build/Debug-iphonesimulator/ToWorks.build/Objects-normal/arm64/AlarmOverlayView.o -index-store-path /Users/macbook/Library/Developer/Xcode/DerivedData/ToWorks-drvyryeuuqqvyhbryyuahucazsub/Index.noindex/DataStore -index-system-modules

SwiftCompile normal arm64 /Users/macbook/Desktop/ToWorks/ToWorks/Views/AboutView.swift (in target 'ToWorks' from project 'ToWorks')
    cd /Users/macbook/Desktop/ToWorks
    

SwiftCompile normal arm64 /Users/macbook/Desktop/ToWorks/ToWorks/Views/AlarmOverlayView.swift (in target 'ToWorks' from project 'ToWorks')
    cd /Users/macbook/Desktop/ToWorks
    
/Users/macbook/Desktop/ToWorks/ToWorks/Views/AlarmOverlayView.swift:168:23: error: cannot find 'Ringtone' in scope
        let soundID = Ringtone.getSoundID(for: soundName)
                      ^~~~~~~~
/Users/macbook/Desktop/ToWorks/ToWorks/Views/AlarmOverlayView.swift:172:49: error: type 'UINotificationFeedbackGenerator.FeedbackType' has no member 'max'
        feedbackGenerator.notificationOccurred(.max) // Stronger feedback
                                               ~^~~

SwiftCompile normal arm64 Compiling\ NewTaskView.swift,\ NotificationListView.swift /Users/macbook/Desktop/ToWorks/ToWorks/Views/NewTaskView.swift /Users/macbook/Desktop/ToWorks/ToWorks/Views/NotificationListView.swift (in target 'ToWorks' from project 'ToWorks')

SwiftCompile normal arm64 /Users/macbook/Desktop/ToWorks/ToWorks/Views/NewTaskView.swift (in target 'ToWorks' from project 'ToWorks')
    cd /Users/macbook/Desktop/ToWorks
    

SwiftCompile normal arm64 /Users/macbook/Desktop/ToWorks/ToWorks/Views/NotificationListView.swift (in target 'ToWorks' from project 'ToWorks')
    cd /Users/macbook/Desktop/ToWorks
    

SwiftCompile normal arm64 Compiling\ CalendarView.swift,\ DashboardView.swift /Users/macbook/Desktop/ToWorks/ToWorks/Views/CalendarView.swift /Users/macbook/Desktop/ToWorks/ToWorks/Views/DashboardView.swift (in target 'ToWorks' from project 'ToWorks')

SwiftCompile normal arm64 Compiling\ VoiceCommandView.swift,\ Color+Extensions.swift /Users/macbook/Desktop/ToWorks/ToWorks/Views/VoiceCommandView.swift /Users/macbook/Desktop/ToWorks/ToWorks/Color+Extensions.swift (in target 'ToWorks' from project 'ToWorks')

SwiftDriverJobDiscovery normal arm64 Compiling ToWorksApp.swift, GeneratedAssetSymbols.swift (in target 'ToWorks' from project 'ToWorks')

SwiftDriverJobDiscovery normal arm64 Emitting module for ToWorks (in target 'ToWorks' from project 'ToWorks')

** BUILD FAILED **


The following build commands failed:
	SwiftCompile normal arm64 Compiling\ AboutView.swift,\ AlarmOverlayView.swift /Users/macbook/Desktop/ToWorks/ToWorks/Views/AboutView.swift /Users/macbook/Desktop/ToWorks/ToWorks/Views/AlarmOverlayView.swift (in target 'ToWorks' from project 'ToWorks')
	SwiftCompile normal arm64 /Users/macbook/Desktop/ToWorks/ToWorks/Views/AlarmOverlayView.swift (in target 'ToWorks' from project 'ToWorks')
	Building project ToWorks with scheme ToWorks
(3 failures)
